Flow report for dat
Wed Nov 08 16:26:38 2017
Quartus Prime Version 17.0.0 Build 595 04/25/2017 SJ Standard Edition


---------------------
; Table of Contents ;
---------------------
  1. Legal Notice
  2. Flow Summary
  3. Flow Settings
  4. Flow Non-Default Global Settings
  5. Flow Elapsed Time
  6. Flow OS Summary
  7. Flow Log
  8. Flow Messages
  9. Flow Suppressed Messages



----------------
; Legal Notice ;
----------------
Copyright (C) 2017  Intel Corporation. All rights reserved.
Your use of Intel Corporation's design tools, logic functions 
and other software and tools, and its AMPP partner logic 
functions, and any output files from any of the foregoing 
(including device programming or simulation files), and any 
associated documentation or information are expressly subject 
to the terms and conditions of the Intel Program License 
Subscription Agreement, the Intel Quartus Prime License Agreement,
the Intel MegaCore Function License Agreement, or other 
applicable license agreement, including, without limitation, 
that your use is for the sole purpose of programming logic 
devices manufactured by Intel and sold by Intel or its 
authorized distributors.  Please refer to the applicable 
agreement for further details.



+-------------------------------------------------------------------------------------------+
; Flow Summary                                                                              ;
+------------------------------------+------------------------------------------------------+
; Flow Status                        ; EDA Netlist Writer Failed - Wed Nov 08 16:26:38 2017 ;
; Quartus Prime Version              ; 17.0.0 Build 595 04/25/2017 SJ Standard Edition      ;
; Revision Name                      ; dat                                                  ;
; Top-level Entity Name              ; data_reg_nbit                                        ;
; Family                             ; Cyclone IV E                                         ;
; Total logic elements               ; 1                                                    ;
;     Total combinational functions  ; 1                                                    ;
;     Dedicated logic registers      ; 1                                                    ;
; Total registers                    ; 1                                                    ;
; Total pins                         ; 7                                                    ;
; Total virtual pins                 ; 0                                                    ;
; Total memory bits                  ; 0                                                    ;
; Embedded Multiplier 9-bit elements ; 0                                                    ;
; Total PLLs                         ; 0                                                    ;
+------------------------------------+------------------------------------------------------+


+-----------------------------------------+
; Flow Settings                           ;
+-------------------+---------------------+
; Option            ; Setting             ;
+-------------------+---------------------+
; Start date & time ; 11/08/2017 16:22:36 ;
; Main task         ; Compilation         ;
; Revision Name     ; dat                 ;
+-------------------+---------------------+


+---------------------------------------------------------------------------------------------------------------------------+
; Flow Non-Default Global Settings                                                                                          ;
+-------------------------------------+----------------------------------------+---------------+---------------+------------+
; Assignment Name                     ; Value                                  ; Default Value ; Entity Name   ; Section Id ;
+-------------------------------------+----------------------------------------+---------------+---------------+------------+
; COMPILER_SIGNATURE_ID               ; 260248567022091.151017975602504        ; --            ; --            ; --         ;
; PARTITION_COLOR                     ; -- (Not supported for targeted family) ; --            ; data_reg_nbit ; Top        ;
; PARTITION_FITTER_PRESERVATION_LEVEL ; -- (Not supported for targeted family) ; --            ; data_reg_nbit ; Top        ;
; PARTITION_NETLIST_TYPE              ; -- (Not supported for targeted family) ; --            ; data_reg_nbit ; Top        ;
; TOP_LEVEL_ENTITY                    ; data_reg_nbit                          ; dat           ; --            ; --         ;
+-------------------------------------+----------------------------------------+---------------+---------------+------------+


+--------------------------------------------------------------------------------------------------------------------------+
; Flow Elapsed Time                                                                                                        ;
+----------------------+--------------+-------------------------+---------------------+------------------------------------+
; Module Name          ; Elapsed Time ; Average Processors Used ; Peak Virtual Memory ; Total CPU Time (on all processors) ;
+----------------------+--------------+-------------------------+---------------------+------------------------------------+
; Analysis & Synthesis ; 00:00:14     ; 1.0                     ; 687 MB              ; 00:00:25                           ;
; EDA Netlist Writer   ; 00:00:02     ; 1.0                     ; 530 MB              ; 00:00:01                           ;
; Total                ; 00:00:16     ; --                      ; --                  ; 00:00:26                           ;
+----------------------+--------------+-------------------------+---------------------+------------------------------------+


+------------------------------------------------------------------------------------+
; Flow OS Summary                                                                    ;
+----------------------+------------------+------------+------------+----------------+
; Module Name          ; Machine Hostname ; OS Name    ; OS Version ; Processor type ;
+----------------------+------------------+------------+------------+----------------+
; Analysis & Synthesis ; SUL200R5S6       ; Windows 10 ; 10.0       ; x86_64         ;
; EDA Netlist Writer   ; SUL200R5S6       ; Windows 10 ; 10.0       ; x86_64         ;
+----------------------+------------------+------------+------------+----------------+


------------
; Flow Log ;
------------
quartus_map --read_settings_files=on --write_settings_files=off lab7_task2 -c dat
quartus_eda --gen_testbench --tool=modelsim_oem --format=vhdl --write_settings_files=off lab7_task2 -c dat --vector_source="H:/ece 370/ece 370 github/lab 7/task 2/Waveform.vwf" --testbench_file="H:/ece 370/ece 370 github/lab 7/task 2/simulation/qsim/Waveform.vwf.vht"



