EDA Netlist Writer report for xor-2inputs
Mon Sep 18 17:42:09 2017
Quartus Prime Version 17.0.0 Build 595 04/25/2017 SJ Standard Edition


---------------------
; Table of Contents ;
---------------------
  1. Legal Notice
  2. EDA Netlist Writer Summary
  3. EDA Netlist Writer Messages



----------------
; Legal Notice ;
----------------
Copyright (C) 2017  Intel Corporation. All rights reserved.
Your use of Intel Corporation's design tools, logic functions 
and other software and tools, and its AMPP partner logic 
functions, and any output files from any of the foregoing 
(including device programming or simulation files), and any 
associated documentation or information are expressly subject 
to the terms and conditions of the Intel Program License 
Subscription Agreement, the Intel Quartus Prime License Agreement,
the Intel MegaCore Function License Agreement, or other 
applicable license agreement, including, without limitation, 
that your use is for the sole purpose of programming logic 
devices manufactured by Intel and sold by Intel or its 
authorized distributors.  Please refer to the applicable 
agreement for further details.



+---------------------------------------------------------------+
; EDA Netlist Writer Summary                                    ;
+---------------------------+-----------------------------------+
; EDA Netlist Writer Status ; Failed - Mon Sep 18 17:42:09 2017 ;
; Revision Name             ; xor-2inputs                       ;
; Top-level Entity Name     ; xor2                              ;
; Family                    ; Cyclone IV E                      ;
+---------------------------+-----------------------------------+


+-----------------------------+
; EDA Netlist Writer Messages ;
+-----------------------------+
Info: *******************************************************************
Info: Running Quartus Prime EDA Netlist Writer
    Info: Version 17.0.0 Build 595 04/25/2017 SJ Standard Edition
    Info: Copyright (C) 2017  Intel Corporation. All rights reserved.
    Info: Your use of Intel Corporation's design tools, logic functions 
    Info: and other software and tools, and its AMPP partner logic 
    Info: functions, and any output files from any of the foregoing 
    Info: (including device programming or simulation files), and any 
    Info: associated documentation or information are expressly subject 
    Info: to the terms and conditions of the Intel Program License 
    Info: Subscription Agreement, the Intel Quartus Prime License Agreement,
    Info: the Intel MegaCore Function License Agreement, or other 
    Info: applicable license agreement, including, without limitation, 
    Info: that your use is for the sole purpose of programming logic 
    Info: devices manufactured by Intel and sold by Intel or its 
    Info: authorized distributors.  Please refer to the applicable 
    Info: agreement for further details.
    Info: Processing started: Mon Sep 18 17:42:07 2017
Info: Command: quartus_eda --gen_testbench --tool=modelsim_oem --format=vhdl --write_settings_files=off Lab0-demo -c xor-2inputs --vector_source="C:/Users/xarichar/Desktop/370 lab 1/Waveform.vwf" --testbench_file="C:/Users/xarichar/Desktop/370 lab 1/simulation/qsim/Waveform.vwf.vht"
Info (119004): Automatically selected device EP4CE6E22C6 for design xor-2inputs
Warning (18236): Number of processors has not been specified which may cause overloading on shared machines.  Set the global assignment NUM_PARALLEL_PROCESSORS in your QSF to an appropriate value for best performance.
Error (199013): HDL output file name "C:/Users/xarichar/Desktop/370 lab 1/simulation/qsim/Waveform.vwf.vht" used with --testbench_file option contains a non-existent directory path
Error (199014): Vector source file C:/Users/xarichar/Desktop/370 lab 1/Waveform.vwf specified with --testbench_vector_input_file option does not exist
Error: Quartus Prime EDA Netlist Writer was unsuccessful. 2 errors, 1 warning
    Error: Peak virtual memory: 530 megabytes
    Error: Processing ended: Mon Sep 18 17:42:09 2017
    Error: Elapsed time: 00:00:02
    Error: Total CPU time (on all processors): 00:00:01


