Flow report for binary_encoder_8to3
Wed Oct 25 10:55:13 2017
Quartus Prime Version 17.0.0 Build 595 04/25/2017 SJ Standard Edition


---------------------
; Table of Contents ;
---------------------
  1. Legal Notice
  2. Flow Summary
  3. Flow Settings
  4. Flow Non-Default Global Settings
  5. Flow Elapsed Time
  6. Flow OS Summary
  7. Flow Log
  8. Flow Messages
  9. Flow Suppressed Messages



----------------
; Legal Notice ;
----------------
Copyright (C) 2017  Intel Corporation. All rights reserved.
Your use of Intel Corporation's design tools, logic functions 
and other software and tools, and its AMPP partner logic 
functions, and any output files from any of the foregoing 
(including device programming or simulation files), and any 
associated documentation or information are expressly subject 
to the terms and conditions of the Intel Program License 
Subscription Agreement, the Intel Quartus Prime License Agreement,
the Intel MegaCore Function License Agreement, or other 
applicable license agreement, including, without limitation, 
that your use is for the sole purpose of programming logic 
devices manufactured by Intel and sold by Intel or its 
authorized distributors.  Please refer to the applicable 
agreement for further details.



+--------------------------------------------------------------------------------------+
; Flow Summary                                                                         ;
+------------------------------------+-------------------------------------------------+
; Flow Status                        ; Successful - Wed Oct 25 10:55:13 2017           ;
; Quartus Prime Version              ; 17.0.0 Build 595 04/25/2017 SJ Standard Edition ;
; Revision Name                      ; binary_encoder_8to3                             ;
; Top-level Entity Name              ; binary_encoder_8to3                             ;
; Family                             ; Cyclone IV E                                    ;
; Device                             ; EP4CE115F29C7                                   ;
; Timing Models                      ; Final                                           ;
; Total logic elements               ; 5                                               ;
;     Total combinational functions  ; 5                                               ;
;     Dedicated logic registers      ; 0                                               ;
; Total registers                    ; 0                                               ;
; Total pins                         ; 12                                              ;
; Total virtual pins                 ; 0                                               ;
; Total memory bits                  ; 0                                               ;
; Embedded Multiplier 9-bit elements ; 0                                               ;
; Total PLLs                         ; 0                                               ;
+------------------------------------+-------------------------------------------------+


+-----------------------------------------+
; Flow Settings                           ;
+-------------------+---------------------+
; Option            ; Setting             ;
+-------------------+---------------------+
; Start date & time ; 10/25/2017 09:13:24 ;
; Main task         ; Compilation         ;
; Revision Name     ; binary_encoder_8to3 ;
+-------------------+---------------------+


+-------------------------------------------------------------------------------------------------------------------------+
; Flow Non-Default Global Settings                                                                                        ;
+-------------------------------------+----------------------------------------+---------------+-------------+------------+
; Assignment Name                     ; Value                                  ; Default Value ; Entity Name ; Section Id ;
+-------------------------------------+----------------------------------------+---------------+-------------+------------+
; COMPILER_SIGNATURE_ID               ; 109952946815179.150894080404688        ; --            ; --          ; --         ;
; MAX_CORE_JUNCTION_TEMP              ; 85                                     ; --            ; --          ; --         ;
; MIN_CORE_JUNCTION_TEMP              ; 0                                      ; --            ; --          ; --         ;
; NOMINAL_CORE_SUPPLY_VOLTAGE         ; 1.2V                                   ; --            ; --          ; --         ;
; PARTITION_COLOR                     ; -- (Not supported for targeted family) ; --            ; --          ; Top        ;
; PARTITION_FITTER_PRESERVATION_LEVEL ; -- (Not supported for targeted family) ; --            ; --          ; Top        ;
; PARTITION_NETLIST_TYPE              ; -- (Not supported for targeted family) ; --            ; --          ; Top        ;
; PROJECT_OUTPUT_DIRECTORY            ; output_files                           ; --            ; --          ; --         ;
+-------------------------------------+----------------------------------------+---------------+-------------+------------+


+--------------------------------------------------------------------------------------------------------------------------+
; Flow Elapsed Time                                                                                                        ;
+----------------------+--------------+-------------------------+---------------------+------------------------------------+
; Module Name          ; Elapsed Time ; Average Processors Used ; Peak Virtual Memory ; Total CPU Time (on all processors) ;
+----------------------+--------------+-------------------------+---------------------+------------------------------------+
; Analysis & Synthesis ; 00:00:26     ; 1.0                     ; 665 MB              ; 00:00:25                           ;
; EDA Netlist Writer   ; 00:00:02     ; 1.0                     ; 510 MB              ; 00:00:01                           ;
; EDA Netlist Writer   ; 00:00:01     ; 1.0                     ; 510 MB              ; 00:00:01                           ;
; EDA Netlist Writer   ; 00:00:02     ; 1.0                     ; 510 MB              ; 00:00:01                           ;
; EDA Netlist Writer   ; 00:00:01     ; 1.0                     ; 513 MB              ; 00:00:01                           ;
; EDA Netlist Writer   ; 00:00:02     ; 1.0                     ; 510 MB              ; 00:00:01                           ;
; EDA Netlist Writer   ; 00:00:01     ; 1.0                     ; 513 MB              ; 00:00:01                           ;
; Total                ; 00:00:35     ; --                      ; --                  ; 00:00:31                           ;
+----------------------+--------------+-------------------------+---------------------+------------------------------------+


+-----------------------------------------------------------------------------------+
; Flow OS Summary                                                                   ;
+----------------------+------------------+-----------+------------+----------------+
; Module Name          ; Machine Hostname ; OS Name   ; OS Version ; Processor type ;
+----------------------+------------------+-----------+------------+----------------+
; Analysis & Synthesis ; P308-02          ; Windows 7 ; 6.1        ; x86_64         ;
; EDA Netlist Writer   ; P308-02          ; Windows 7 ; 6.1        ; x86_64         ;
; EDA Netlist Writer   ; P308-02          ; Windows 7 ; 6.1        ; x86_64         ;
; EDA Netlist Writer   ; P308-02          ; Windows 7 ; 6.1        ; x86_64         ;
; EDA Netlist Writer   ; P308-02          ; Windows 7 ; 6.1        ; x86_64         ;
; EDA Netlist Writer   ; P308-02          ; Windows 7 ; 6.1        ; x86_64         ;
; EDA Netlist Writer   ; P308-02          ; Windows 7 ; 6.1        ; x86_64         ;
+----------------------+------------------+-----------+------------+----------------+


------------
; Flow Log ;
------------
quartus_map --read_settings_files=on --write_settings_files=off lab5_task1 -c binary_encoder_8to3
quartus_eda --gen_testbench --tool=modelsim_oem --format=vhdl --write_settings_files=off lab5_task1 -c binary_encoder_8to3 --vector_source="H:/ece 370/ece 370 github/lab 5/task 1/Waveform.vwf" --testbench_file="H:/ece 370/ece 370 github/lab 5/task 1/simulation/qsim/Waveform.vwf.vht"
quartus_eda --write_settings_files=off --simulation=on --functional=off --flatten_buses=off --timescale=1ps --tool=modelsim_oem --format=vhdl --output_directory="H:/ece 370/ece 370 github/lab 5/task 1/simulation/qsim/" lab5_task1 -c binary_encoder_8to3
quartus_eda --gen_testbench --tool=modelsim_oem --format=vhdl --write_settings_files=off lab5_task1 -c binary_encoder_8to3 --vector_source="H:/ece 370/ece 370 github/lab 5/task 1/Waveform.vwf" --testbench_file="H:/ece 370/ece 370 github/lab 5/task 1/simulation/qsim/Waveform.vwf.vht"
quartus_eda --write_settings_files=off --simulation=on --functional=on --flatten_buses=off --tool=modelsim_oem --format=vhdl --output_directory="H:/ece 370/ece 370 github/lab 5/task 1/simulation/qsim/" lab5_task1 -c binary_encoder_8to3
quartus_eda --gen_testbench --tool=modelsim_oem --format=vhdl --write_settings_files=off lab5_task1 -c binary_encoder_8to3 --vector_source="H:/ece 370/ece 370 github/lab 5/task 1/Waveform.vwf" --testbench_file="H:/ece 370/ece 370 github/lab 5/task 1/simulation/qsim/Waveform.vwf.vht"
quartus_eda --write_settings_files=off --simulation=on --functional=on --flatten_buses=off --tool=modelsim_oem --format=vhdl --output_directory="H:/ece 370/ece 370 github/lab 5/task 1/simulation/qsim/" lab5_task1 -c binary_encoder_8to3



