Flow report for compare_signed_2bit_pkg
Thu Nov 02 16:16:22 2017
Quartus Prime Version 17.0.0 Build 595 04/25/2017 SJ Standard Edition


---------------------
; Table of Contents ;
---------------------
  1. Legal Notice
  2. Flow Summary
  3. Flow Settings
  4. Flow Non-Default Global Settings
  5. Flow Elapsed Time
  6. Flow OS Summary
  7. Flow Log
  8. Flow Messages
  9. Flow Suppressed Messages



----------------
; Legal Notice ;
----------------
Copyright (C) 2017  Intel Corporation. All rights reserved.
Your use of Intel Corporation's design tools, logic functions 
and other software and tools, and its AMPP partner logic 
functions, and any output files from any of the foregoing 
(including device programming or simulation files), and any 
associated documentation or information are expressly subject 
to the terms and conditions of the Intel Program License 
Subscription Agreement, the Intel Quartus Prime License Agreement,
the Intel MegaCore Function License Agreement, or other 
applicable license agreement, including, without limitation, 
that your use is for the sole purpose of programming logic 
devices manufactured by Intel and sold by Intel or its 
authorized distributors.  Please refer to the applicable 
agreement for further details.



+--------------------------------------------------------------------------------------+
; Flow Summary                                                                         ;
+------------------------------------+-------------------------------------------------+
; Flow Status                        ; Successful - Thu Nov 02 16:16:22 2017           ;
; Quartus Prime Version              ; 17.0.0 Build 595 04/25/2017 SJ Standard Edition ;
; Revision Name                      ; compare_signed_2bit_pkg                         ;
; Top-level Entity Name              ; combo_network                                   ;
; Family                             ; Cyclone IV E                                    ;
; Device                             ; EP4CE115F29C7                                   ;
; Timing Models                      ; Final                                           ;
; Total logic elements               ; 2 / 114,480 ( < 1 % )                           ;
;     Total combinational functions  ; 2 / 114,480 ( < 1 % )                           ;
;     Dedicated logic registers      ; 0 / 114,480 ( 0 % )                             ;
; Total registers                    ; 0                                               ;
; Total pins                         ; 6 / 529 ( 1 % )                                 ;
; Total virtual pins                 ; 0                                               ;
; Total memory bits                  ; 0 / 3,981,312 ( 0 % )                           ;
; Embedded Multiplier 9-bit elements ; 0 / 532 ( 0 % )                                 ;
; Total PLLs                         ; 0 / 4 ( 0 % )                                   ;
+------------------------------------+-------------------------------------------------+


+---------------------------------------------+
; Flow Settings                               ;
+-------------------+-------------------------+
; Option            ; Setting                 ;
+-------------------+-------------------------+
; Start date & time ; 11/02/2017 16:15:20     ;
; Main task         ; Compilation             ;
; Revision Name     ; compare_signed_2bit_pkg ;
+-------------------+-------------------------+


+-------------------------------------------------------------------------------------------------------------------------------------+
; Flow Non-Default Global Settings                                                                                                    ;
+-------------------------------------+----------------------------------------+-------------------------+---------------+------------+
; Assignment Name                     ; Value                                  ; Default Value           ; Entity Name   ; Section Id ;
+-------------------------------------+----------------------------------------+-------------------------+---------------+------------+
; COMPILER_SIGNATURE_ID               ; 71094336500969.150965732012648         ; --                      ; --            ; --         ;
; MAX_CORE_JUNCTION_TEMP              ; 85                                     ; --                      ; --            ; --         ;
; MIN_CORE_JUNCTION_TEMP              ; 0                                      ; --                      ; --            ; --         ;
; NOMINAL_CORE_SUPPLY_VOLTAGE         ; 1.2V                                   ; --                      ; --            ; --         ;
; PARTITION_COLOR                     ; -- (Not supported for targeted family) ; --                      ; combo_network ; Top        ;
; PARTITION_FITTER_PRESERVATION_LEVEL ; -- (Not supported for targeted family) ; --                      ; combo_network ; Top        ;
; PARTITION_NETLIST_TYPE              ; -- (Not supported for targeted family) ; --                      ; combo_network ; Top        ;
; POWER_BOARD_THERMAL_MODEL           ; None (CONSERVATIVE)                    ; --                      ; --            ; --         ;
; POWER_PRESET_COOLING_SOLUTION       ; 23 MM HEAT SINK WITH 200 LFPM AIRFLOW  ; --                      ; --            ; --         ;
; PROJECT_OUTPUT_DIRECTORY            ; output_files                           ; --                      ; --            ; --         ;
; TOP_LEVEL_ENTITY                    ; combo_network                          ; compare_signed_2bit_pkg ; --            ; --         ;
+-------------------------------------+----------------------------------------+-------------------------+---------------+------------+


+-------------------------------------------------------------------------------------------------------------------------------+
; Flow Elapsed Time                                                                                                             ;
+---------------------------+--------------+-------------------------+---------------------+------------------------------------+
; Module Name               ; Elapsed Time ; Average Processors Used ; Peak Virtual Memory ; Total CPU Time (on all processors) ;
+---------------------------+--------------+-------------------------+---------------------+------------------------------------+
; Analysis & Synthesis      ; 00:00:12     ; 1.0                     ; 685 MB              ; 00:00:25                           ;
; Fitter                    ; 00:00:14     ; 1.0                     ; 1633 MB             ; 00:00:14                           ;
; Assembler                 ; 00:00:05     ; 1.0                     ; 578 MB              ; 00:00:03                           ;
; TimeQuest Timing Analyzer ; 00:00:04     ; 1.0                     ; 738 MB              ; 00:00:02                           ;
; EDA Netlist Writer        ; 00:00:01     ; 1.0                     ; 524 MB              ; 00:00:01                           ;
; EDA Netlist Writer        ; 00:00:01     ; 1.0                     ; 542 MB              ; 00:00:01                           ;
; Total                     ; 00:00:37     ; --                      ; --                  ; 00:00:46                           ;
+---------------------------+--------------+-------------------------+---------------------+------------------------------------+


+-----------------------------------------------------------------------------------------+
; Flow OS Summary                                                                         ;
+---------------------------+------------------+------------+------------+----------------+
; Module Name               ; Machine Hostname ; OS Name    ; OS Version ; Processor type ;
+---------------------------+------------------+------------+------------+----------------+
; Analysis & Synthesis      ; SUL200R4S6       ; Windows 10 ; 10.0       ; x86_64         ;
; Fitter                    ; SUL200R4S6       ; Windows 10 ; 10.0       ; x86_64         ;
; Assembler                 ; SUL200R4S6       ; Windows 10 ; 10.0       ; x86_64         ;
; TimeQuest Timing Analyzer ; SUL200R4S6       ; Windows 10 ; 10.0       ; x86_64         ;
; EDA Netlist Writer        ; SUL200R4S6       ; Windows 10 ; 10.0       ; x86_64         ;
; EDA Netlist Writer        ; SUL200R4S6       ; Windows 10 ; 10.0       ; x86_64         ;
+---------------------------+------------------+------------+------------+----------------+


------------
; Flow Log ;
------------
quartus_map --read_settings_files=on --write_settings_files=off lab3_task2 -c compare_signed_2bit_pkg
quartus_fit --read_settings_files=off --write_settings_files=off lab3_task2 -c compare_signed_2bit_pkg
quartus_asm --read_settings_files=off --write_settings_files=off lab3_task2 -c compare_signed_2bit_pkg
quartus_sta lab3_task2 -c compare_signed_2bit_pkg
quartus_eda --gen_testbench --tool=modelsim_oem --format=vhdl --write_settings_files=off lab3_task2 -c compare_signed_2bit_pkg --vector_source="H:/ece 370/ece 370 github/Midterm review/task 2/Waveform.vwf" --testbench_file="H:/ece 370/ece 370 github/Midterm review/task 2/simulation/qsim/Waveform.vwf.vht"
quartus_eda --write_settings_files=off --simulation=on --functional=off --flatten_buses=off --timescale=1ps --tool=modelsim_oem --format=vhdl --output_directory="H:/ece 370/ece 370 github/Midterm review/task 2/simulation/qsim/" lab3_task2 -c compare_signed_2bit_pkg



